0 info it worked if it ends with ok
1 verbose cli [ 'C:\\Program Files\\nodejs\\\\node.exe',
1 verbose cli   'C:\\Program Files\\nodejs\\node_modules\\npm\\bin\\npm-cli.js',
1 verbose cli   'install',
1 verbose cli   'flocking.git' ]
2 info using npm@1.4.9
3 info using node@v0.10.28
4 verbose node symlink C:\Program Files\nodejs\\node.exe
5 warn package.json package.json@0.0.0 No repository field.
6 verbose cache add [ 'flocking.git', null ]
7 verbose cache add name=undefined spec="flocking.git" args=["flocking.git",null]
8 verbose parsed url { protocol: null,
8 verbose parsed url   slashes: null,
8 verbose parsed url   auth: null,
8 verbose parsed url   host: null,
8 verbose parsed url   port: null,
8 verbose parsed url   hostname: null,
8 verbose parsed url   hash: null,
8 verbose parsed url   search: null,
8 verbose parsed url   query: null,
8 verbose parsed url   pathname: 'flocking.git',
8 verbose parsed url   path: 'flocking.git',
8 verbose parsed url   href: 'flocking.git' }
9 silly lockFile 577d6620-flocking-git flocking.git
10 verbose lock flocking.git C:\Users\Cascalho\AppData\Roaming\npm-cache\577d6620-flocking-git.lock
11 silly lockFile 577d6620-flocking-git flocking.git
12 silly lockFile 577d6620-flocking-git flocking.git
13 verbose addNamed [ 'flocking.git', '' ]
14 verbose addNamed [ null, '*' ]
15 silly lockFile 5f47cf78-flocking-git flocking.git@
16 verbose lock flocking.git@ C:\Users\Cascalho\AppData\Roaming\npm-cache\5f47cf78-flocking-git.lock
17 silly addNameRange { name: 'flocking.git', range: '*', hasData: false }
18 verbose url raw flocking.git
19 verbose url resolving [ 'https://registry.npmjs.org/', './flocking.git' ]
20 verbose url resolved https://registry.npmjs.org/flocking.git
21 info trying registry request attempt 1 at 15:03:05
22 http GET https://registry.npmjs.org/flocking.git
23 http 404 https://registry.npmjs.org/flocking.git
24 verbose headers { date: 'Thu, 17 Jul 2014 19:03:05 GMT',
24 verbose headers   server: 'CouchDB/1.5.0 (Erlang OTP/R16B03)',
24 verbose headers   'content-type': 'application/json',
24 verbose headers   'cache-control': 'max-age=0',
24 verbose headers   'content-length': '52',
24 verbose headers   'accept-ranges': 'bytes',
24 verbose headers   via: '1.1 varnish',
24 verbose headers   age: '0',
24 verbose headers   'x-served-by': 'cache-at52-ATL',
24 verbose headers   'x-cache': 'MISS',
24 verbose headers   'x-cache-hits': '0',
24 verbose headers   'x-timer': 'S1405623785.050575,VS0,VE80',
24 verbose headers   'keep-alive': 'timeout=10, max=50',
24 verbose headers   connection: 'Keep-Alive' }
25 silly registry.get cb [ 404,
25 silly registry.get   { date: 'Thu, 17 Jul 2014 19:03:05 GMT',
25 silly registry.get     server: 'CouchDB/1.5.0 (Erlang OTP/R16B03)',
25 silly registry.get     'content-type': 'application/json',
25 silly registry.get     'cache-control': 'max-age=0',
25 silly registry.get     'content-length': '52',
25 silly registry.get     'accept-ranges': 'bytes',
25 silly registry.get     via: '1.1 varnish',
25 silly registry.get     age: '0',
25 silly registry.get     'x-served-by': 'cache-at52-ATL',
25 silly registry.get     'x-cache': 'MISS',
25 silly registry.get     'x-cache-hits': '0',
25 silly registry.get     'x-timer': 'S1405623785.050575,VS0,VE80',
25 silly registry.get     'keep-alive': 'timeout=10, max=50',
25 silly registry.get     connection: 'Keep-Alive' } ]
26 silly lockFile 5f47cf78-flocking-git flocking.git@
27 silly lockFile 5f47cf78-flocking-git flocking.git@
28 error 404 404 Not Found: flocking.git
28 error 404
28 error 404 'flocking.git' is not in the npm registry.
28 error 404 You should bug the author to publish it
28 error 404
28 error 404 Note that you can also install from a
28 error 404 tarball, folder, or http url, or git url.
29 error System Windows_NT 6.2.9200
30 error command "C:\\Program Files\\nodejs\\\\node.exe" "C:\\Program Files\\nodejs\\node_modules\\npm\\bin\\npm-cli.js" "install" "flocking.git"
31 error cwd C:\Users\Cascalho\Desktop\SimpleOSCReceiver-master
32 error node -v v0.10.28
33 error npm -v 1.4.9
34 error code E404
35 verbose exit [ 1, true ]
